         ps                              clock      instruction           pcout        s_regDout        s_regSout        s_regAout  sel  sel             outM  writeM              inM             
     505000                                  1 0000000000000000 000000000000001 0000000000000000 0000000000000000 0000000000000000    0    0 0000000000000000       0 1000000000000111 
     515000                                  1 1111100000100000 000000000000010 0000000000000000 0000000000000000 0000000000000000    1    1 1000000000000111       0 1000000000000111 
     525000                                  1 0000000000000001 000000000000011 0000000000000000 1000000000000111 0000000000000000    0    0 0000000000000000       0 1000000000000111 
     535000                                  1 1111100000010000 000000000000100 0000000000000000 1000000000000111 0000000000000001    1    1 1000000000000111       0 1000000000000111 
     545000                                  1 1000011000001000 000000000000101 0100000000000110 1000000000000111 0000000000000001    0    0 1000000000000111       1 0100000000000110 
     555000                                  1 0000000000000000 000000000000110 0100000000000110 1000000000000111 0000000000000001    0    0 0000000000000001       0 1000000000000111 
     565000                                  1 1100011000001000 000000000000111 0100000000000110 1000000000000111 0000000000000000    0    1 0100000000000110       1 1000000000000111 
     575000                                  1 0000000000000011 000000000001000 0100000000000110 1000000000000111 0000000000000000    0    0 0000000000000000       0 0100000000000110 
     585000                                  1 1101111110001000 000000000001001 0100000000000110 1000000000000111 0000000000000011    0    1 0000000000000001       1 0100000000000110 
     595000                                  1 0000000000000000 000000000001010 0100000000000110 1000000000000111 0000000000000011    0    0 0000000000000011       0 0000000000000001 
     605000                                  1 0000000000000000 000000000001011 0100000000000110 1000000000000111 0000000000000000    0    0 0000000000000000       0 0000000000000001 
     615000                                  1 0000000000000000 000000000001100 0100000000000110 1000000000000111 0000000000000000    0    0 0000000000000000       0 0100000000000110 
     625000                                  1 0000000000000000 000000000001101 0100000000000110 1000000000000111 0000000000000000    0    0 0000000000000000       0 0100000000000110 
     635000                                  1 0000000000000000 000000000001110 0100000000000110 1000000000000111 0000000000000000    0    0 0000000000000000       0 0100000000000110 
     645000                                  1 0000000000000000 000000000001111 0100000000000110 1000000000000111 0000000000000000    0    0 0000000000000000       0 0100000000000110 
     655000                                  1 0000000000000000 000000000010000 0100000000000110 1000000000000111 0000000000000000    0    0 0000000000000000       0 0100000000000110 
     665000                                  1 0000000000000000 000000000010001 0100000000000110 1000000000000111 0000000000000000    0    0 0000000000000000       0 0100000000000110 
     675000                                  1 0000000000000000 000000000010010 0100000000000110 1000000000000111 0000000000000000    0    0 0000000000000000       0 0100000000000110 
     685000                                  1 0000000000000000 000000000010011 0100000000000110 1000000000000111 0000000000000000    0    0 0000000000000000       0 0100000000000110 
     695000                                  1 0000000000000000 000000000010100 0100000000000110 1000000000000111 0000000000000000    0    0 0000000000000000       0 0100000000000110 
     705000                                  1 0000000000000000 000000000010101 0100000000000110 1000000000000111 0000000000000000    0    0 0000000000000000       0 0100000000000110 
     715000                                  1 0000000000000000 000000000010110 0100000000000110 1000000000000111 0000000000000000    0    0 0000000000000000       0 0100000000000110 
     725000                                  1 0000000000000000 000000000010111 0100000000000110 1000000000000111 0000000000000000    0    0 0000000000000000       0 0100000000000110 
     735000                                  1 0000000000000000 000000000011000 0100000000000110 1000000000000111 0000000000000000    0    0 0000000000000000       0 0100000000000110 
     745000                                  1 0000000000000000 000000000011001 0100000000000110 1000000000000111 0000000000000000    0    0 0000000000000000       0 0100000000000110 
     755000                                  1 0000000000000000 000000000011010 0100000000000110 1000000000000111 0000000000000000    0    0 0000000000000000       0 0100000000000110 
     765000                                  1 0000000000000000 000000000011011 0100000000000110 1000000000000111 0000000000000000    0    0 0000000000000000       0 0100000000000110 
     775000                                  1 0000000000000000 000000000011100 0100000000000110 1000000000000111 0000000000000000    0    0 0000000000000000       0 0100000000000110 
     785000                                  1 0000000000000000 000000000011101 0100000000000110 1000000000000111 0000000000000000    0    0 0000000000000000       0 0100000000000110 
     795000                                  1 0000000000000000 000000000011110 0100000000000110 1000000000000111 0000000000000000    0    0 0000000000000000       0 0100000000000110 
     805000                                  1 0000000000000000 000000000011111 0100000000000110 1000000000000111 0000000000000000    0    0 0000000000000000       0 0100000000000110 
     815000                                  1 0000000000000000 000000000100000 0100000000000110 1000000000000111 0000000000000000    0    0 0000000000000000       0 0100000000000110 
     825000                                  1 0000000000000000 000000000100001 0100000000000110 1000000000000111 0000000000000000    0    0 0000000000000000       0 0100000000000110 
     835000                                  1 0000000000000000 000000000100010 0100000000000110 1000000000000111 0000000000000000    0    0 0000000000000000       0 0100000000000110 
     845000                                  1 0000000000000000 000000000100011 0100000000000110 1000000000000111 0000000000000000    0    0 0000000000000000       0 0100000000000110 
     855000                                  1 0000000000000000 000000000100100 0100000000000110 1000000000000111 0000000000000000    0    0 0000000000000000       0 0100000000000110 
     865000                                  1 0000000000000000 000000000100101 0100000000000110 1000000000000111 0000000000000000    0    0 0000000000000000       0 0100000000000110 
     875000                                  1 0000000000000000 000000000100110 0100000000000110 1000000000000111 0000000000000000    0    0 0000000000000000       0 0100000000000110 
     885000                                  1 0000000000000000 000000000100111 0100000000000110 1000000000000111 0000000000000000    0    0 0000000000000000       0 0100000000000110 
     895000                                  1 0000000000000000 000000000101000 0100000000000110 1000000000000111 0000000000000000    0    0 0000000000000000       0 0100000000000110 
     905000                                  1 0000000000000000 000000000101001 0100000000000110 1000000000000111 0000000000000000    0    0 0000000000000000       0 0100000000000110 
     915000                                  1 0000000000000000 000000000101010 0100000000000110 1000000000000111 0000000000000000    0    0 0000000000000000       0 0100000000000110 
     925000                                  1 0000000000000000 000000000101011 0100000000000110 1000000000000111 0000000000000000    0    0 0000000000000000       0 0100000000000110 
     935000                                  1 0000000000000000 000000000101100 0100000000000110 1000000000000111 0000000000000000    0    0 0000000000000000       0 0100000000000110 
     945000                                  1 0000000000000000 000000000101101 0100000000000110 1000000000000111 0000000000000000    0    0 0000000000000000       0 0100000000000110 
     955000                                  1 0000000000000000 000000000101110 0100000000000110 1000000000000111 0000000000000000    0    0 0000000000000000       0 0100000000000110 
     965000                                  1 0000000000000000 000000000101111 0100000000000110 1000000000000111 0000000000000000    0    0 0000000000000000       0 0100000000000110 
     975000                                  1 0000000000000000 000000000110000 0100000000000110 1000000000000111 0000000000000000    0    0 0000000000000000       0 0100000000000110 
     985000                                  1 0000000000000000 000000000110001 0100000000000110 1000000000000111 0000000000000000    0    0 0000000000000000       0 0100000000000110 
     995000                                  1 0000000000000000 000000000110010 0100000000000110 1000000000000111 0000000000000000    0    0 0000000000000000       0 0100000000000110 
